
Wolf warped to map #2.
Wolf warped to map #3.
Wolf warped to map #4.
Wolf warped to map #5.
Wolf warped to map #6.
Wolf warped to map #7.
Wolf warped to map #8.
Wolf warped to map #5.
Wolf warped to map #6.
Wolf has respawned map #4
Wolf has respawned map #4
Wolf warped to map #4.
Wolf warped to map #5.
Wolf warped to map #4.
Wolf warped to map #3.
Wolf warped to map #4.
Wolf warped to map #5.
Wolf warped to map #4.
Wolf warped to map #2.
Wolf warped to map #4.
Wolf warped to map #5.
Wolf warped to map #6.
Wolf warped to map #7.
Wolf warped to map #5.
Wolf warped to map #6.
Wolf warped to map #7.
Wolf warped to map #8.
Wolf has respawned map #8
ffsd warped to map #3.
ffsd warped to map #5.
ffsd warped to map #7.
ffsd warped to map #6.
ffsd warped to map #7.
Wolf has respawned map #7
Wolf saved Resource #1.
Wolf saved Resource #1.
Wolf saved Resource #2.
Wolf saved Resource #3.
Wolf saved Resource #4.
Wolf saved Resource #5.
Wolf saved Npc #1.
Wolf warped to map #10.
Wolf warped to map #10.
Wolf warped to map #10.
ffsd warped to map #10.
ffsd warped to map #9.
ffsd warped to map #10.
ffsd warped to map #10.
dgf warped to map #10.
dgf warped to map #10.
dgf warped to map #10.
dgf warped to map #10.
Wolf warped to map #10.