
 Player: dgf :  X: 5 Y: 5 Dir: 3 Movement: 2
Sent SMSG: SResourceCache
Sent SMSG: SResourceCache
Sent SMSG: SResourceCache
Sent SMSG: SResourceCache
Sent SMSG: SResourceCache
Sent SMSG: SResourceCache
Sent SMSG: SResourceCache
Sent SMSG: SResourceCache
Sent SMSG: SResourceCache
Sent SMSG: SResourceCache
Sent SMSG: SResourceCache
Sent SMSG: SResourceCache
Sent SMSG: SResourceCache
Sent SMSG: SResourceCache
Recieved CMSG: CPlayerMove
Sent SMSG: SPlayerMove
 Player: dgf :  X: 6 Y: 5 Dir: 3 Movement: 2
Sent SMSG: SResourceCache
Sent SMSG: SResourceCache
Sent SMSG: SResourceCache
Sent SMSG: SResourceCache
Sent SMSG: SResourceCache
Sent SMSG: SResourceCache
Sent SMSG: SResourceCache
Sent SMSG: SResourceCache
Sent SMSG: SResourceCache
Sent SMSG: SResourceCache
Sent SMSG: SResourceCache
Sent SMSG: SResourceCache
Sent SMSG: SResourceCache
Sent SMSG: SResourceCache
Sent SMSG: SResourceCache
Sent SMSG: SResourceCache
Sent SMSG: SResourceCache
Sent SMSG: SResourceCache
Sent SMSG: SResourceCache
Sent SMSG: SResourceCache
Sent SMSG: SResourceCache
Sent SMSG: SResourceCache
Sent SMSG: SResourceCache
Sent SMSG: SResourceCache
Sent SMSG: SResourceCache
Sent SMSG: SResourceCache
Sent SMSG: SResourceCache
Sent SMSG: SResourceCache
Sent SMSG: SResourceCache
Sent SMSG: SResourceCache
Sent SMSG: SResourceCache
Sent SMSG: SResourceCache
Sent SMSG: SResourceCache
Sent SMSG: SResourceCache
Sent SMSG: SResourceCache
Sent SMSG: SResourceCache
Sent SMSG: SResourceCache
Sent SMSG: SResourceCache
Sent SMSG: SResourceCache
Sent SMSG: SResourceCache
Sent SMSG: SResourceCache
Sent SMSG: SResourceCache
Sent SMSG: SResourceCache
Sent SMSG: SResourceCache
Sent SMSG: SResourceCache
Sent SMSG: SResourceCache
Sent SMSG: SResourceCache
Sent SMSG: SResourceCache
Sent SMSG: SResourceCache
Sent SMSG: SResourceCache
Sent SMSG: SResourceCache
Sent SMSG: SResourceCache
Sent SMSG: SResourceCache
Sent SMSG: SResourceCache
Sent SMSG: SResourceCache
Sent SMSG: SResourceCache
Sent SMSG: SResourceCache
Sent SMSG: SResourceCache
Sent SMSG: SResourceCache
Sent SMSG: SResourceCache
Sent SMSG: SResourceCache
Sent SMSG: SResourceCache
Sent SMSG: SResourceCache
Sent SMSG: SResourceCache
Sent SMSG: SResourceCache
Sent SMSG: SResourceCache
Sent SMSG: SResourceCache
Sent SMSG: SResourceCache
Sent SMSG: SResourceCache
Sent SMSG: SResourceCache
Sent SMSG: SResourceCache
Sent SMSG: SResourceCache
Sent SMSG: SResourceCache
Sent SMSG: SResourceCache
Sent SMSG: SResourceCache
Sent SMSG: SResourceCache
Sent SMSG: SResourceCache
Sent SMSG: SResourceCache
Sent SMSG: SResourceCache
Sent SMSG: SResourceCache
Sent SMSG: SResourceCache
Sent SMSG: SResourceCache
Sent SMSG: SResourceCache
Sent SMSG: SResourceCache
Sent SMSG: SResourceCache
Sent SMSG: SResourceCache
Sent SMSG: SResourceCache
Sent SMSG: SResourceCache
Sent SMSG: SResourceCache
Sent SMSG: SResourceCache
Sent SMSG: SResourceCache
Sent SMSG: SResourceCache
Sent SMSG: SResourceCache
Sent SMSG: SResourceCache
Sent SMSG: SResourceCache
Sent SMSG: SResourceCache
Sent SMSG: SResourceCache
Sent SMSG: SResourceCache
Sent SMSG: SResourceCache
Sent SMSG: SResourceCache
Sent SMSG: SResourceCache
Sent SMSG: SResourceCache
Sent SMSG: SResourceCache
Sent SMSG: SResourceCache
Sent SMSG: SResourceCache
Sent SMSG: SResourceCache
Sent SMSG: SResourceCache
Sent SMSG: SResourceCache
Sent SMSG: SResourceCache
Sent SMSG: SResourceCache
Sent SMSG: SResourceCache
Sent SMSG: SResourceCache
Sent SMSG: SResourceCache
Sent SMSG: SResourceCache
Sent SMSG: SResourceCache
Sent SMSG: SResourceCache
Sent SMSG: SResourceCache
Sent SMSG: SResourceCache
Sent SMSG: SResourceCache
Sent SMSG: SResourceCache
Sent SMSG: SResourceCache
Sent SMSG: SResourceCache
Sent SMSG: SResourceCache
Sent SMSG: SResourceCache
Sent SMSG: SResourceCache
Sent SMSG: SResourceCache
Sent SMSG: SResourceCache
Sent SMSG: SResourceCache
Sent SMSG: SResourceCache
Sent SMSG: SResourceCache
Sent SMSG: SResourceCache
Sent SMSG: SResourceCache
Sent SMSG: SResourceCache
Sent SMSG: SResourceCache
Sent SMSG: SResourceCache
Sent SMSG: SResourceCache
Sent SMSG: SResourceCache
Sent SMSG: SResourceCache
Sent SMSG: SResourceCache
Sent SMSG: SResourceCache
Sent SMSG: SResourceCache
Sent SMSG: SResourceCache
Sent SMSG: SResourceCache
Sent SMSG: SResourceCache
Sent SMSG: SResourceCache
Sent SMSG: SResourceCache
Sent SMSG: SResourceCache
Sent SMSG: SResourceCache
Sent SMSG: SResourceCache
Sent SMSG: SResourceCache
Sent SMSG: SResourceCache
Sent SMSG: SResourceCache
Sent SMSG: SResourceCache
Sent SMSG: SResourceCache
Sent SMSG: SResourceCache
Sent SMSG: SResourceCache
Sent SMSG: SResourceCache
Sent SMSG: SResourceCache
Sent SMSG: SResourceCache
Sent SMSG: SResourceCache
Sent SMSG: SResourceCache
Sent SMSG: SResourceCache
Sent SMSG: SResourceCache
Sent SMSG: SResourceCache
Sent SMSG: SResourceCache
Sent SMSG: SResourceCache
Sent SMSG: SResourceCache
Sent SMSG: SResourceCache
Sent SMSG: SResourceCache
Sent SMSG: SResourceCache
Sent SMSG: SResourceCache
Sent SMSG: SResourceCache
Sent SMSG: SResourceCache
Sent SMSG: SResourceCache
Sent SMSG: SResourceCache
Sent SMSG: SResourceCache
Sent SMSG: SResourceCache
Sent SMSG: SResourceCache
Sent SMSG: SResourceCache
Sent SMSG: SResourceCache
Sent SMSG: SResourceCache
Sent SMSG: SResourceCache
Sent SMSG: SResourceCache
Sent SMSG: SResourceCache
Sent SMSG: SResourceCache
Sent SMSG: SResourceCache
Sent SMSG: SResourceCache
Sent SMSG: SResourceCache
Sent SMSG: SResourceCache
Sent SMSG: SResourceCache
Sent SMSG: SResourceCache
Sent SMSG: SResourceCache
Sent SMSG: SResourceCache
Sent SMSG: SResourceCache
Sent SMSG: SResourceCache
Sent SMSG: SResourceCache
Sent SMSG: SResourceCache
Sent SMSG: SResourceCache
Recieved CMSG: CPlayerMove
Sent SMSG: SPlayerMove
 Player: dgf :  X: 7 Y: 5 Dir: 1 Movement: 2
Sent SMSG: SSendPing
Recieved CMSG: CPlayerMove
Sent SMSG: SPlayerMove
 Player: dgf :  X: 7 Y: 6 Dir: 0 Movement: 2
Recieved CMSG: CPlayerDir
Sent SMSG: SPlayerDir
Recieved CMSG: CAttack
Sent SMSG: SResourceCache
Sent SMSG: SActionMsg
Sent SMSG: SAnimation
Sent SMSG: SClock
 Player: dgf :  GameSpeed: 1 Instance Time Ticks: 636798567361227455
Sent SMSG: SNpcMove Right
Sent SMSG: SNpcMove Left
Sent SMSG: SNpcMove Right
Sent SMSG: SNpcMove Left
Sent SMSG: SNpcMove Up
Sent SMSG: SNpcMove Up
Sent SMSG: SNpcMove Down
Sent SMSG: SNpcMove Right
Sent SMSG: SNpcMove Left
Sent SMSG: SNpcMove Down
Sent SMSG: SNpcMove Right
Sent SMSG: SNpcMove Right
Sent SMSG: SNpcMove Left
Sent SMSG: SNpcMove Right
Sent SMSG: SNpcMove Down
Sent SMSG: SNpcMove Up
Sent SMSG: SNpcMove Right
Sent SMSG: SNpcMove Up
Sent SMSG: SNpcMove Up
Sent SMSG: SNpcMove Right
Sent SMSG: SNpcMove Left
Sent SMSG: SNpcMove Down
Sent SMSG: SNpcMove Up
Sent SMSG: SNpcMove Right
Sent SMSG: SNpcMove Right
Sent SMSG: SNpcMove Right
Sent SMSG: SNpcMove Up
Sent SMSG: SNpcMove Right
Sent SMSG: SNpcMove Right
Sent SMSG: SNpcMove Down
Sent SMSG: SNpcMove Up
Sent SMSG: SNpcMove Right
Sent SMSG: SNpcMove Down
Sent SMSG: SNpcMove Left
Sent SMSG: SNpcMove Up
Sent SMSG: SNpcMove Right
Sent SMSG: SNpcMove Up
Sent SMSG: SNpcMove Left
Sent SMSG: SNpcMove Right
Sent SMSG: SNpcMove Left
Sent SMSG: SNpcMove Up
Sent SMSG: SNpcMove Down
Sent SMSG: SNpcMove Right
Sent SMSG: SNpcMove Left
Sent SMSG: SNpcMove Up
Sent SMSG: SNpcMove Left
Sent SMSG: SNpcMove Right
Sent SMSG: SNpcMove Down
Sent SMSG: SNpcMove Right
Sent SMSG: SNpcMove Up
Sent SMSG: SNpcMove Down
Sent SMSG: SNpcMove Right
Sent SMSG: SNpcMove Left
Sent SMSG: SNpcMove Up
Sent SMSG: SNpcMove Left
Sent SMSG: SNpcMove Right
Sent SMSG: SNpcMove Left
Sent SMSG: SNpcMove Right
Sent SMSG: SNpcMove Right
Sent SMSG: SNpcMove Left
Sent SMSG: SNpcMove Left
Sent SMSG: SNpcMove Left
Sent SMSG: SNpcMove Left
Sent SMSG: SNpcMove Down
Sent SMSG: SNpcMove Left
Sent SMSG: SNpcMove Right
Sent SMSG: SNpcMove Left
Sent SMSG: SNpcMove Down
Sent SMSG: SNpcMove Right
Sent SMSG: SNpcMove Up
Sent SMSG: SNpcMove Left
Sent SMSG: SNpcMove Up
Sent SMSG: SNpcMove Down
Sent SMSG: SNpcMove Down
Sent SMSG: SNpcMove Right
Sent SMSG: SNpcMove Right
Sent SMSG: SNpcMove Right
Sent SMSG: SNpcMove Up
Sent SMSG: SNpcMove Right
Sent SMSG: SNpcMove Right
Sent SMSG: SNpcMove Up
Sent SMSG: SNpcMove Down
Sent SMSG: SNpcMove Right
Sent SMSG: SNpcMove Right
Sent SMSG: SNpcMove Left
Sent SMSG: SNpcMove Right
Sent SMSG: SNpcMove Right
Sent SMSG: SNpcMove Left
Sent SMSG: SNpcMove Right
Sent SMSG: SNpcMove Left
Sent SMSG: SNpcMove Right
Sent SMSG: SNpcMove Up
Sent SMSG: SNpcMove Down
Sent SMSG: SNpcMove Right
Sent SMSG: SNpcMove Up
Sent SMSG: SNpcMove Down
Sent SMSG: SNpcMove Left
Sent SMSG: SNpcMove Up
Sent SMSG: SNpcMove Right
Sent SMSG: SNpcMove Down
Sent SMSG: SNpcMove Up
Sent SMSG: SNpcMove Left
Sent SMSG: SNpcMove Right
Sent SMSG: SNpcMove Up
Sent SMSG: SNpcMove Left
Sent SMSG: SNpcMove Down
Sent SMSG: SNpcMove Up
Sent SMSG: SNpcMove Right
Sent SMSG: SNpcMove Down
Sent SMSG: SNpcMove Up
Sent SMSG: SNpcMove Left
Sent SMSG: SNpcMove Down
Sent SMSG: SNpcMove Down
Sent SMSG: SNpcMove Right
Sent SMSG: SNpcMove Left
Sent SMSG: SNpcMove Right
Sent SMSG: SNpcMove Up
Sent SMSG: SNpcMove Up
Sent SMSG: SNpcMove Down
Sent SMSG: SNpcMove Left
Sent SMSG: SNpcMove Up
Sent SMSG: SNpcMove Up