
Account asdf has been created.
asdf has logged in from 127.0.0.1.
Character wolf added to asdf's account.
asdf | wolf has began playing Orion+#.
asdf has logged in from 127.0.0.1.
asdf | wolf has began playing Orion+#.
asdf has logged in from 127.0.0.1.
asdf has logged in from 127.0.0.1.
asdf has logged in from 127.0.0.1.
asdf has logged in from 127.0.0.1.
asdf has logged in from 127.0.0.1.
asdf has logged in from 127.0.0.1.
asdf has logged in from 127.0.0.1.
asdf has logged in from 127.0.0.1.
asdf has logged in from 127.0.0.1.
asdf has logged in from 127.0.0.1.
asdf has logged in from 127.0.0.1.
asdf has logged in from 127.0.0.1.
asdf has logged in from 127.0.0.1.
asdf has logged in from 127.0.0.1.
asdf has logged in from 127.0.0.1.
asdf has logged in from 127.0.0.1.
asdf has logged in from 127.0.0.1.
asdf has logged in from 127.0.0.1.
asdf has logged in from 127.0.0.1.
asdf has logged in from 127.0.0.1.
asdf has logged in from 127.0.0.1.
asdf has logged in from 127.0.0.1.
asdf has logged in from 127.0.0.1.
asdf has logged in from 127.0.0.1.
asdf has logged in from 127.0.0.1.
asdf has logged in from 127.0.0.1.
asdf has logged in from 127.0.0.1.
asdf has logged in from 127.0.0.1.
asdf has logged in from 127.0.0.1.
asdf has logged in from 127.0.0.1.
asdf has logged in from 127.0.0.1.
asdf has logged in from 127.0.0.1.
asdf has logged in from 127.0.0.1.
asdf has logged in from 127.0.0.1.
asdf has logged in from 127.0.0.1.
asdf has logged in from 127.0.0.1.
asdf has logged in from 127.0.0.1.
asdf has logged in from 127.0.0.1.
asdf has logged in from 127.0.0.1.
asdf has logged in from 127.0.0.1.
asdf has logged in from 127.0.0.1.
asdf has logged in from 127.0.0.1.
asdf has logged in from 127.0.0.1.
asdf has logged in from 127.0.0.1.
asdf has logged in from 127.0.0.1.
asdf has logged in from 127.0.0.1.
asdf has logged in from 127.0.0.1.
asdf has logged in from 127.0.0.1.
asdf has logged in from 127.0.0.1.
asdf has logged in from 127.0.0.1.
asdf has logged in from 127.0.0.1.
asdf has logged in from 127.0.0.1.
asdf has logged in from 127.0.0.1.
asdf has logged in from 127.0.0.1.
asdf has logged in from 127.0.0.1.
asdf has logged in from 127.0.0.1.
asdf has logged in from 127.0.0.1.
asdf has logged in from 127.0.0.1.
asdf has logged in from 127.0.0.1.
asdf has logged in from 127.0.0.1.
asdf has logged in from 127.0.0.1.
asdf has logged in from 127.0.0.1.
asdf has logged in from 127.0.0.1.
asdf has logged in from 127.0.0.1.
asdf has logged in from 127.0.0.1.
asdf has logged in from 127.0.0.1.
Account asdfg has been created.
asdfg has logged in from 127.0.0.1.
Character asdfgh added to asdfg's account.
asdfg | asdfgh has began playing Orion+#.
asdf has logged in from 127.0.0.1.
asdf has logged in from 127.0.0.1.
asdf has logged in from 127.0.0.1.
asdf has logged in from 127.0.0.1.
asdf has logged in from 127.0.0.1.
asdf has logged in from 127.0.0.1.
asdf has logged in from 127.0.0.1.
asdf has logged in from 127.0.0.1.
asdf has logged in from 127.0.0.1.
asdf has logged in from 127.0.0.1.
asdf has logged in from 127.0.0.1.
asdf has logged in from 127.0.0.1.
asdf has logged in from 127.0.0.1.
asdf has logged in from 127.0.0.1.
asdf has logged in from 127.0.0.1.
asdf has logged in from 127.0.0.1.
asdf has logged in from 127.0.0.1.
asdf has logged in from 127.0.0.1.
asdf has logged in from 127.0.0.1.
asdf has logged in from 127.0.0.1.
asdf has logged in from 127.0.0.1.
asdf has logged in from 127.0.0.1.
asdf has logged in from 127.0.0.1.
asdf has logged in from 127.0.0.1.
asdf has logged in from 127.0.0.1.
asdf has logged in from 127.0.0.1.
asdf has logged in from 127.0.0.1.
asdf has logged in from 127.0.0.1.
asdf has logged in from 127.0.0.1.
asdf has logged in from 127.0.0.1.
asdf has logged in from 127.0.0.1.
asdf has logged in from 127.0.0.1.
asdf has logged in from 127.0.0.1.
asdf has logged in from 127.0.0.1.
asdf has logged in from 127.0.0.1.
asdf has logged in from 127.0.0.1.
asdf has logged in from 127.0.0.1.
asdf has logged in from 127.0.0.1.
asdf | wolf has began playing Orion+#.
asdf has logged in from 127.0.0.1.
asdf has logged in from 127.0.0.1.
asdf | wolf has began playing Orion+#.
asdf has logged in from 127.0.0.1.
asdf has logged in from 127.0.0.1.
asdf has logged in from 127.0.0.1.
asdf has logged in from 127.0.0.1.
asdf has logged in from 127.0.0.1.
asdf has logged in from 127.0.0.1.
asdf has logged in from 127.0.0.1.
asdf has logged in from 127.0.0.1.
asdf has logged in from 127.0.0.1.
asdf has logged in from 127.0.0.1.
asdf has logged in from 127.0.0.1.
asdf has logged in from 127.0.0.1.
asdf has logged in from 127.0.0.1.
asdf has logged in from 127.0.0.1.
asdf has logged in from 127.0.0.1.
asdf has logged in from 127.0.0.1.
asdf has logged in from 127.0.0.1.
asdf has logged in from 127.0.0.1.
asdf has logged in from 127.0.0.1.
asdf has logged in from 127.0.0.1.
asdf has logged in from 127.0.0.1.
asdf | wolf has began playing Orion+#.
asdf has logged in from 127.0.0.1.
asdf | wolf has began playing Orion+#.
asdf has logged in from 127.0.0.1.
asdf | wolf has began playing Orion+#.
asdf has logged in from 127.0.0.1.
asdf | wolf has began playing Orion+#.
asdf has logged in from 127.0.0.1.
asdf | wolf has began playing Orion+#.
asdf has logged in from 127.0.0.1.
asdf | wolf has began playing Orion+#.
asdf has logged in from 127.0.0.1.
asdf | wolf has began playing Orion+#.