
<<<<<<< HEAD
=======
Account asdf has been created.
asdf has logged in from 127.0.0.1.
Character wolf added to asdf's account.
asdf | wolf has began playing Orion+#.
asdf has logged in from 127.0.0.1.
asdf | wolf has began playing Orion+#.
asdf has logged in from 127.0.0.1.
asdf has logged in from 127.0.0.1.
asdf has logged in from 127.0.0.1.
asdf has logged in from 127.0.0.1.
asdf has logged in from 127.0.0.1.
asdf has logged in from 127.0.0.1.
asdf has logged in from 127.0.0.1.
asdf has logged in from 127.0.0.1.
asdf has logged in from 127.0.0.1.
asdf has logged in from 127.0.0.1.
asdf has logged in from 127.0.0.1.
asdf has logged in from 127.0.0.1.
asdf has logged in from 127.0.0.1.
asdf has logged in from 127.0.0.1.
asdf has logged in from 127.0.0.1.
asdf has logged in from 127.0.0.1.
asdf has logged in from 127.0.0.1.
asdf has logged in from 127.0.0.1.
asdf has logged in from 127.0.0.1.
asdf has logged in from 127.0.0.1.
asdf has logged in from 127.0.0.1.
asdf has logged in from 127.0.0.1.
asdf has logged in from 127.0.0.1.
asdf has logged in from 127.0.0.1.
asdf has logged in from 127.0.0.1.
asdf has logged in from 127.0.0.1.
asdf has logged in from 127.0.0.1.
asdf has logged in from 127.0.0.1.
asdf has logged in from 127.0.0.1.
asdf has logged in from 127.0.0.1.
asdf has logged in from 127.0.0.1.
asdf has logged in from 127.0.0.1.
asdf has logged in from 127.0.0.1.
asdf has logged in from 127.0.0.1.
asdf has logged in from 127.0.0.1.
asdf has logged in from 127.0.0.1.
asdf has logged in from 127.0.0.1.
asdf has logged in from 127.0.0.1.
asdf has logged in from 127.0.0.1.
asdf has logged in from 127.0.0.1.
asdf has logged in from 127.0.0.1.
asdf has logged in from 127.0.0.1.
asdf has logged in from 127.0.0.1.
asdf has logged in from 127.0.0.1.
asdf has logged in from 127.0.0.1.
asdf has logged in from 127.0.0.1.
asdf has logged in from 127.0.0.1.
asdf has logged in from 127.0.0.1.
asdf has logged in from 127.0.0.1.
asdf has logged in from 127.0.0.1.
asdf has logged in from 127.0.0.1.
asdf has logged in from 127.0.0.1.
asdf has logged in from 127.0.0.1.
asdf has logged in from 127.0.0.1.
asdf has logged in from 127.0.0.1.
asdf has logged in from 127.0.0.1.
asdf has logged in from 127.0.0.1.
asdf has logged in from 127.0.0.1.
asdf has logged in from 127.0.0.1.
asdf has logged in from 127.0.0.1.
asdf has logged in from 127.0.0.1.
asdf has logged in from 127.0.0.1.
asdf has logged in from 127.0.0.1.
asdf has logged in from 127.0.0.1.
asdf has logged in from 127.0.0.1.
asdf has logged in from 127.0.0.1.
Account asdfg has been created.
asdfg has logged in from 127.0.0.1.
Character asdfgh added to asdfg's account.
asdfg | asdfgh has began playing Orion+#.
asdf has logged in from 127.0.0.1.
asdf has logged in from 127.0.0.1.
asdf has logged in from 127.0.0.1.
asdf has logged in from 127.0.0.1.
asdf has logged in from 127.0.0.1.
asdf has logged in from 127.0.0.1.
asdf has logged in from 127.0.0.1.
asdf has logged in from 127.0.0.1.
asdf has logged in from 127.0.0.1.
asdf has logged in from 127.0.0.1.
asdf has logged in from 127.0.0.1.
asdf has logged in from 127.0.0.1.
asdf has logged in from 127.0.0.1.
asdf has logged in from 127.0.0.1.
asdf has logged in from 127.0.0.1.
asdf has logged in from 127.0.0.1.
asdf has logged in from 127.0.0.1.
asdf has logged in from 127.0.0.1.
asdf has logged in from 127.0.0.1.
asdf has logged in from 127.0.0.1.
asdf has logged in from 127.0.0.1.
asdf has logged in from 127.0.0.1.
asdf has logged in from 127.0.0.1.
asdf has logged in from 127.0.0.1.
asdf has logged in from 127.0.0.1.
asdf has logged in from 127.0.0.1.
asdf has logged in from 127.0.0.1.
asdf has logged in from 127.0.0.1.
asdf has logged in from 127.0.0.1.
asdf has logged in from 127.0.0.1.
asdf has logged in from 127.0.0.1.
asdf has logged in from 127.0.0.1.
asdf has logged in from 127.0.0.1.
asdf has logged in from 127.0.0.1.
asdf has logged in from 127.0.0.1.
asdf | wolf has began playing Orion+#.
Map #1: wolf says, 'ikjk'
Map #1: wolf says, 'oijkijkljkljkljkljlkjkljkljkljkljkljklj'
asdf has logged in from 127.0.0.1.
asdf | wolf has began playing Orion+#.
asdf has logged in from 127.0.0.1.
asdf | wolf has began playing Orion+#.
asdf has logged in from 127.0.0.1.
asdf | wolf has began playing Orion+#.
asdf has logged in from 127.0.0.1.
asdf | wolf has began playing Orion+#.
asdf has logged in from 127.0.0.1.
asdf | wolf has began playing Orion+#.
asdf has logged in from 127.0.0.1.
asdf | wolf has began playing Orion+#.
asdfg has logged in from 127.0.0.1.
asdfg | asdfgh has began playing Orion+#.
>>>>>>> parent of 0c70923... Added Auction House
Account asd has been created.
asd has logged in from 127.0.0.1.
Character asd added to asd's account.
asd | asd has began playing Orion+#.
asd has logged in from 127.0.0.1.
asd | asd has began playing Orion+#.
asd has logged in from 127.0.0.1.
<<<<<<< HEAD
=======
asd has logged in from 127.0.0.1.
Account asd has been created.
asd has logged in from 127.0.0.1.
asd has logged in from 127.0.0.1.
Character asd added to asd's account.
asd | asd has began playing Orion+#.
asd has logged in from 127.0.0.1.
asd | asd has began playing Orion+#.
asd has logged in from 127.0.0.1.
asd has logged in from 127.0.0.1.
asd | asd has began playing Orion+#.
asd has logged in from 127.0.0.1.
asd has logged in from 127.0.0.1.
asd has logged in from 127.0.0.1.
asd has logged in from 127.0.0.1.
asd has logged in from 127.0.0.1.
>>>>>>> parent of 0c70923... Added Auction House
asd | asd has began playing Orion+#.
asd has logged in from 127.0.0.1.
asd | asd has began playing Orion+#.
asd has logged in from 127.0.0.1.
asd | asd has began playing Orion+#.
asd has logged in from 127.0.0.1.
asd | asd has began playing Orion+#.
asd has logged in from 127.0.0.1.
<<<<<<< HEAD
=======
asd has logged in from 127.0.0.1.
>>>>>>> parent of 0c70923... Added Auction House
asd | asd has began playing Orion+#.
asd has logged in from 127.0.0.1.
asd | asd has began playing Orion+#.
asd has logged in from 127.0.0.1.
asd | asd has began playing Orion+#.
asd has logged in from 127.0.0.1.
asd | asd has began playing Orion+#.
asd has logged in from 127.0.0.1.
asd | asd has began playing Orion+#.
asd has logged in from 127.0.0.1.
asd | asd has began playing Orion+#.
<<<<<<< HEAD
asd has logged in from 127.0.0.1.
=======
asd has logged in from 127.0.0.1.
asd | asd has began playing Orion+#.
asd has logged in from 127.0.0.1.
asd | asd has began playing Orion+#.
>>>>>>> parent of 0c70923... Added Auction House

asd has logged in from 127.0.0.1.
asd | asd has began playing Orion+#.
asd has logged in from 127.0.0.1.
asd has logged in from 127.0.0.1.
asd | asd has began playing Orion+#.
asd has logged in from 127.0.0.1.
asd has logged in from 127.0.0.1.
asd has logged in from 127.0.0.1.
asd has logged in from 127.0.0.1.
asd | asd has began playing Orion+#.
asd has logged in from 127.0.0.1.
asd | asd has began playing Orion+#.
asd has logged in from 127.0.0.1.
asd | asd has began playing Orion+#.
asd has logged in from 127.0.0.1.
asd | asd has began playing Orion+#.
asd has logged in from 127.0.0.1.
asd | asd has began playing Orion+#.
asd has logged in from 127.0.0.1.
asd | asd has began playing Orion+#.
asd has logged in from 127.0.0.1.
asd | asd has began playing Orion+#.
asd has logged in from 127.0.0.1.
asd | asd has began playing Orion+#.
asd has logged in from 127.0.0.1.
asd | asd has began playing Orion+#.
asd has logged in from 127.0.0.1.
asd | asd has began playing Orion+#.
asd has logged in from 127.0.0.1.
asd | asd has began playing Orion+#.
asd has logged in from 127.0.0.1.
asd | asd has began playing Orion+#.
asd has logged in from 127.0.0.1.
asd | asd has began playing Orion+#.
asd has logged in from 127.0.0.1.
asd | asd has began playing Orion+#.
asd has logged in from 127.0.0.1.
asd | asd has began playing Orion+#.
asd has logged in from 127.0.0.1.
asd | asd has began playing Orion+#.
asd has logged in from 127.0.0.1.
asd | asd has began playing Orion+#.
asd has logged in from 127.0.0.1.
asd | asd has began playing Orion+#.
asd has logged in from 127.0.0.1.
asd has logged in from 127.0.0.1.
asd | asd has began playing Orion+#.
asd has logged in from 127.0.0.1.
asd | asd has began playing Orion+#.
asd has logged in from 127.0.0.1.
asd | asd has began playing Orion+#.
asd has logged in from 127.0.0.1.
asd | asd has began playing Orion+#.
asd has logged in from 127.0.0.1.
asd | asd has began playing Orion+#.
asd has logged in from 127.0.0.1.
asd | asd has began playing Orion+#.
asd has logged in from 127.0.0.1.
asd | asd has began playing Orion+#.
asd has logged in from 127.0.0.1.
asd | asd has began playing Orion+#.
asd has logged in from 127.0.0.1.
asd | asd has began playing Orion+#.
asd has logged in from 127.0.0.1.
asd | asd has began playing Orion+#.
asd has logged in from 127.0.0.1.
asd | asd has began playing Orion+#.
asd has logged in from 127.0.0.1.
asd | asd has began playing Orion+#.
asd has logged in from 127.0.0.1.
Character ASDFASDASd added to asd's account.
asd | ASDFASDASd has began playing Orion+#.
asd has logged in from 127.0.0.1.
asd has logged in from 127.0.0.1.
asd has logged in from 127.0.0.1.
Account asd has been created.
asd has logged in from 127.0.0.1.
Character asd added to asd's account.
asd | asd has began playing Orion+#.
asd has logged in from 127.0.0.1.
asd | asd has began playing Orion+#.
asd has logged in from 127.0.0.1.
asd | asd has began playing Orion+#.
asd has logged in from 127.0.0.1.
asd has logged in from 127.0.0.1.
asd has logged in from 127.0.0.1.
Character asdf added to asd's account.
asd | asdf has began playing Orion+#.
asd has logged in from 127.0.0.1.
asd has logged in from 127.0.0.1.
asd has logged in from 127.0.0.1.
asd | asd has began playing Orion+#.
Account bob has been created.
bob has logged in from 127.0.0.1.
asd has logged in from 127.0.0.1.
asd | asd has began playing Orion+#.